<?xml version="1.0" encoding="UTF-8"?>
<testng-results ignored="0" total="1" passed="1" failed="0" skipped="0">
  <reporter-output>
  </reporter-output>
  <suite started-at="2024-03-02T10:58:21 IST" name="Default suite" finished-at="2024-03-02T10:58:21 IST" duration-ms="91">
    <groups>
    </groups>
    <test started-at="2024-03-02T10:58:21 IST" name="Default test" finished-at="2024-03-02T10:58:21 IST" duration-ms="91">
      <class name="PS1">
        <test-method is-config="true" signature="pp()[pri:0, instance:PS1@5d7148e2]" started-at="2024-03-02T10:58:21 IST" name="pp" finished-at="2024-03-02T10:58:21 IST" duration-ms="8" status="PASS">
          <reporter-output>
          </reporter-output>
        </test-method> <!-- pp -->
        <test-method signature="test()[pri:0, instance:PS1@5d7148e2]" started-at="2024-03-02T10:58:21 IST" name="test" finished-at="2024-03-02T10:58:21 IST" duration-ms="20" status="PASS">
          <reporter-output>
          </reporter-output>
        </test-method> <!-- test -->
        <test-method is-config="true" signature="pq()[pri:0, instance:PS1@5d7148e2]" started-at="2024-03-02T10:58:21 IST" name="pq" finished-at="2024-03-02T10:58:21 IST" duration-ms="1" status="PASS">
          <reporter-output>
          </reporter-output>
        </test-method> <!-- pq -->
      </class> <!-- PS1 -->
    </test> <!-- Default test -->
  </suite> <!-- Default suite -->
</testng-results>
